<?xml version="1.0" encoding="UTF-8"?>
<testsuite name="st.malike.service.mongo.DemographicServiceTest" time="61.027" tests="9" errors="0" skipped="8" failures="1">
  <properties>
[...]
</properties>
  <testcase name="getDemographicByEvent" classname="st.malike.service.mongo.DemographicServiceTest" time="0">
    <skipped/>
    <system-out><![CDATA[270  [main] INFO  org.springframework.test.context.support.DefaultTestContextBootstrapper - Loaded default TestExecutionListener class names from location [META-INF/spring.factories]: [org.springframework.test.context.web.ServletTestExecutionListener, org.springframework.test.context.support.DependencyInjectionTestExecutionListener, org.springframework.test.context.support.DirtiesContextTestExecutionListener, org.springframework.test.context.transaction.TransactionalTestExecutionListener, org.springframework.test.context.jdbc.SqlScriptsTestExecutionListener]
287  [main] INFO  org.springframework.test.context.support.DefaultTestContextBootstrapper - Using TestExecutionListeners: [org.springframework.test.context.web.ServletTestExecutionListener@6a0f411, org.springframework.test.context.support.DependencyInjectionTestExecutionListener@30f78b7d, org.springframework.test.context.support.DirtiesContextTestExecutionListener@4be6d4a8, org.springframework.test.context.transaction.TransactionalTestExecutionListener@1f938886, org.springframework.test.context.jdbc.SqlScriptsTestExecutionListener@ee8259c]
]]></system-out>
  </testcase>
  <testcase name="getDemographicById" classname="st.malike.service.mongo.DemographicServiceTest" time="0">
    <skipped/>
  </testcase>
  <testcase name="deleteDemographic" classname="st.malike.service.mongo.DemographicServiceTest" time="0">
    <skipped/>
  </testcase>
  <testcase name="getDemographicByEventAndDate" classname="st.malike.service.mongo.DemographicServiceTest" time="0">
    <skipped/>
  </testcase>
  <testcase name="saveDemographic" classname="st.malike.service.mongo.DemographicServiceTest" time="0">
    <skipped/>
  </testcase>
  <testcase name="testMongoRiverForElasticSearch" classname="st.malike.service.mongo.DemographicServiceTest" time="61.027">
    <failure message="Values should be different. Actual: 0" type="java.lang.AssertionError">java.lang.AssertionError: Values should be different. Actual: 0
	at st.malike.service.mongo.DemographicServiceTest.testMongoRiverForElasticSearch(DemographicServiceTest.java:134)
</failure>
    <system-out><![CDATA[373  [main] INFO  org.springframework.beans.factory.xml.XmlBeanDefinitionReader - Loading XML bean definitions from class path resource [META-INF/test-mongo-config.xml]
639  [main] INFO  org.springframework.context.support.GenericApplicationContext - Refreshing org.springframework.context.support.GenericApplicationContext@5da1fbed: startup date [Mon Dec 29 18:19:39 GMT 2014]; root of context hierarchy
742  [main] INFO  org.springframework.beans.factory.config.PropertyPlaceholderConfigurer - Loading properties file from class path resource [test.config.properties]
1205 [main] INFO  uk.co.jemos.podam.api.PodamFactoryImpl - We could create an instance with constructor: public st.malike.model.Demographic()
1206 [main] WARN  uk.co.jemos.podam.api.PodamFactoryImpl - The setter: setId is not accessible.Setting it to accessible. However this is a security hack and your code should really adhere to Javabean standards.
1208 [main] INFO  uk.co.jemos.podam.api.PodamFactoryImpl - For class: java.util.Date a valid constructor: public java.util.Date() was found. PODAM will use it to create an instance.
1208 [main] WARN  uk.co.jemos.podam.api.PodamFactoryImpl - The setter: setDateCreated is not accessible.Setting it to accessible. However this is a security hack and your code should really adhere to Javabean standards.
1208 [main] WARN  uk.co.jemos.podam.api.PodamFactoryImpl - The setter: setEvent is not accessible.Setting it to accessible. However this is a security hack and your code should really adhere to Javabean standards.
7115 [main] INFO  org.elasticsearch.node - [Cody Mushumanski Gun Man] version[1.3.1], pid[18071], build[2de6dc5/2014-07-28T14:45:15Z]
7115 [main] INFO  org.elasticsearch.node - [Cody Mushumanski Gun Man] initializing ...
7128 [main] INFO  org.elasticsearch.plugins - [Cody Mushumanski Gun Man] loaded [], sites []
15802 [main] INFO  org.elasticsearch.node - [Cody Mushumanski Gun Man] initialized
15802 [main] INFO  org.elasticsearch.node - [Cody Mushumanski Gun Man] starting ...
16331 [main] INFO  org.elasticsearch.transport - [Cody Mushumanski Gun Man] bound_address {inet[/0:0:0:0:0:0:0:0:9301]}, publish_address {inet[/192.168.0.182:9301]}
16378 [main] INFO  org.elasticsearch.discovery - [Cody Mushumanski Gun Man] elasticsearch/MVc0REnSRSyneJir99tx2A
19434 [elasticsearch[Cody Mushumanski Gun Man][clusterService#updateTask][T#1]] INFO  org.elasticsearch.cluster.service - [Cody Mushumanski Gun Man] detected_master [Scorpion][hF2-ACLxS4qfqfP1NEtIlw][do-enr-pc-6][inet[/192.168.0.182:9300]], added {[Scorpion][hF2-ACLxS4qfqfP1NEtIlw][do-enr-pc-6][inet[/192.168.0.182:9300]],}, reason: zen-disco-receive(from master [[Scorpion][hF2-ACLxS4qfqfP1NEtIlw][do-enr-pc-6][inet[/192.168.0.182:9300]]])
19481 [elasticsearch[Cody Mushumanski Gun Man][clusterService#updateTask][T#1]] INFO  org.elasticsearch.gateway.local.state.meta - [Cody Mushumanski Gun Man] [elas] dangling index, exists on local file system, but not in cluster metadata, scheduling to delete in [2h], auto import to cluster state [YES]
19630 [main] INFO  org.elasticsearch.http - [Cody Mushumanski Gun Man] bound_address {inet[/0:0:0:0:0:0:0:0:9201]}, publish_address {inet[/192.168.0.182:9201]}
19633 [main] INFO  org.elasticsearch.node - [Cody Mushumanski Gun Man] started
]]></system-out>
  </testcase>
  <testcase name="saveDemographicList" classname="st.malike.service.mongo.DemographicServiceTest" time="0">
    <skipped/>
  </testcase>
  <testcase name="getDemographicWithNullResult" classname="st.malike.service.mongo.DemographicServiceTest" time="0">
    <skipped/>
  </testcase>
  <testcase name="getDemographicByDate" classname="st.malike.service.mongo.DemographicServiceTest" time="0">
    <skipped/>
  </testcase>
</testsuite>